{"/Users/stanislavstadnyk/Projects uncommercial/react-countdown-simple/src/helper.ts": {"path":"/Users/stanislavstadnyk/Projects uncommercial/react-countdown-simple/src/helper.ts","statementMap":{"0":{"start":{"line":1,"column":0},"end":{"line":1,"column":44}},"1":{"start":{"line":2,"column":0},"end":{"line":2,"column":49}},"2":{"start":{"line":4,"column":22},"end":{"line":5,"column":6}},"3":{"start":{"line":5,"column":2},"end":{"line":5,"column":60}},"4":{"start":{"line":7,"column":31},"end":{"line":14,"column":1}},"5":{"start":{"line":8,"column":15},"end":{"line":8,"column":53}},"6":{"start":{"line":9,"column":16},"end":{"line":9,"column":68}},"7":{"start":{"line":10,"column":18},"end":{"line":10,"column":58}},"8":{"start":{"line":11,"column":18},"end":{"line":11,"column":44}},"9":{"start":{"line":13,"column":2},"end":{"line":13,"column":41}},"10":{"start":{"line":7,"column":13},"end":{"line":7,"column":31}},"11":{"start":{"line":16,"column":23},"end":{"line":17,"column":12}},"12":{"start":{"line":17,"column":2},"end":{"line":17,"column":79}},"13":{"start":{"line":16,"column":13},"end":{"line":16,"column":23}},"14":{"start":{"line":19,"column":28},"end":{"line":37,"column":1}},"15":{"start":{"line":20,"column":24},"end":{"line":20,"column":48}},"16":{"start":{"line":21,"column":36},"end":{"line":21,"column":74}},"17":{"start":{"line":21,"column":18},"end":{"line":21,"column":20}},"18":{"start":{"line":21,"column":32},"end":{"line":21,"column":36}},"19":{"start":{"line":23,"column":2},"end":{"line":34,"column":33}},"20":{"start":{"line":24,"column":4},"end":{"line":27,"column":null}},"21":{"start":{"line":25,"column":6},"end":{"line":25,"column":22}},"22":{"start":{"line":26,"column":6},"end":{"line":26,"column":22}},"23":{"start":{"line":29,"column":21},"end":{"line":31,"column":12}},"24":{"start":{"line":30,"column":6},"end":{"line":30,"column":49}},"25":{"start":{"line":33,"column":4},"end":{"line":33,"column":41}},"26":{"start":{"line":33,"column":17},"end":{"line":33,"column":41}},"27":{"start":{"line":36,"column":2},"end":{"line":36,"column":36}},"28":{"start":{"line":19,"column":13},"end":{"line":19,"column":28}}},"fnMap":{"0":{"name":"(anonymous_0)","decl":{"start":{"line":4,"column":22},"end":{"line":4,"column":23}},"loc":{"start":{"line":4,"column":44},"end":{"line":5,"column":6}}},"1":{"name":"(anonymous_1)","decl":{"start":{"line":7,"column":31},"end":{"line":7,"column":32}},"loc":{"start":{"line":7,"column":49},"end":{"line":14,"column":1}}},"2":{"name":"(anonymous_2)","decl":{"start":{"line":16,"column":23},"end":{"line":16,"column":24}},"loc":{"start":{"line":16,"column":47},"end":{"line":17,"column":12}}},"3":{"name":"(anonymous_3)","decl":{"start":{"line":19,"column":28},"end":{"line":19,"column":29}},"loc":{"start":{"line":19,"column":41},"end":{"line":37,"column":1}}},"4":{"name":"(anonymous_4)","decl":{"start":{"line":23,"column":12},"end":{"line":23,"column":null}},"loc":{"start":{"line":23,"column":12},"end":{"line":34,"column":3}}},"5":{"name":"(anonymous_5)","decl":{"start":{"line":26,"column":13},"end":{"line":26,"column":20}},"loc":{"start":{"line":26,"column":13},"end":{"line":26,"column":21}}},"6":{"name":"(anonymous_6)","decl":{"start":{"line":29,"column":33},"end":{"line":29,"column":null}},"loc":{"start":{"line":29,"column":33},"end":{"line":31,"column":5}}},"7":{"name":"(anonymous_7)","decl":{"start":{"line":33,"column":11},"end":{"line":33,"column":17}},"loc":{"start":{"line":33,"column":11},"end":{"line":33,"column":30}}}},"branchMap":{"0":{"loc":{"start":{"line":17,"column":2},"end":{"line":17,"column":78}},"type":"cond-expr","locations":[{"start":{"line":17,"column":15},"end":{"line":17,"column":47}},{"start":{"line":17,"column":50},"end":{"line":17,"column":78}}]},"1":{"loc":{"start":{"line":24,"column":4},"end":{"line":27,"column":null}},"type":"if","locations":[{"start":{"line":24,"column":4},"end":{"line":27,"column":null}}]}},"s":{"0":1,"1":1,"2":1,"3":12,"4":1,"5":7,"6":7,"7":7,"8":7,"9":7,"10":1,"11":1,"12":7,"13":1,"14":1,"15":7,"16":7,"17":7,"18":7,"19":7,"20":5,"21":4,"22":4,"23":1,"24":0,"25":1,"26":1,"27":7,"28":1},"f":{"0":12,"1":7,"2":7,"3":7,"4":5,"5":4,"6":0,"7":1},"b":{"0":[0,7],"1":[4]}}
,"/Users/stanislavstadnyk/Projects uncommercial/react-countdown-simple/src/index.tsx": {"path":"/Users/stanislavstadnyk/Projects uncommercial/react-countdown-simple/src/index.tsx","statementMap":{"0":{"start":{"line":1,"column":0},"end":{"line":1,"column":58}},"1":{"start":{"line":2,"column":0},"end":{"line":2,"column":35}},"2":{"start":{"line":4,"column":0},"end":{"line":4,"column":35}},"3":{"start":{"line":5,"column":0},"end":{"line":5,"column":49}},"4":{"start":{"line":8,"column":0},"end":{"line":8,"column":22}},"5":{"start":{"line":22,"column":39},"end":{"line":55,"column":1}},"6":{"start":{"line":23,"column":14},"end":{"line":23,"column":null}},"7":{"start":{"line":24,"column":12},"end":{"line":24,"column":null}},"8":{"start":{"line":25,"column":12},"end":{"line":25,"column":null}},"9":{"start":{"line":26,"column":10},"end":{"line":26,"column":null}},"10":{"start":{"line":28,"column":19},"end":{"line":28,"column":43}},"11":{"start":{"line":29,"column":16},"end":{"line":29,"column":35}},"12":{"start":{"line":31,"column":24},"end":{"line":36,"column":4}},"13":{"start":{"line":38,"column":22},"end":{"line":39,"column":9}},"14":{"start":{"line":39,"column":4},"end":{"line":41,"column":6}},"15":{"start":{"line":43,"column":22},"end":{"line":48,"column":4}},"16":{"start":{"line":43,"column":53},"end":{"line":48,"column":4}},"17":{"start":{"line":50,"column":2},"end":{"line":54,"column":4}},"18":{"start":{"line":57,"column":0},"end":{"line":68,"column":2}},"19":{"start":{"line":70,"column":0},"end":{"line":70,"column":25}}},"fnMap":{"0":{"name":"(anonymous_7)","decl":{"start":{"line":22,"column":39},"end":{"line":22,"column":40}},"loc":{"start":{"line":27,"column":1},"end":{"line":55,"column":1}}},"1":{"name":"(anonymous_8)","decl":{"start":{"line":38,"column":22},"end":{"line":38,"column":23}},"loc":{"start":{"line":38,"column":36},"end":{"line":39,"column":9}}},"2":{"name":"(anonymous_9)","decl":{"start":{"line":43,"column":35},"end":{"line":43,"column":36}},"loc":{"start":{"line":43,"column":48},"end":{"line":43,"column":null}}}},"branchMap":{"0":{"loc":{"start":{"line":39,"column":4},"end":{"line":40,"column":null}},"type":"binary-expr","locations":[{"start":{"line":39,"column":4},"end":{"line":39,"column":33}},{"start":{"line":40,"column":6},"end":{"line":40,"column":66}}]},"1":{"loc":{"start":{"line":52,"column":7},"end":{"line":52,"column":55}},"type":"cond-expr","locations":[{"start":{"line":52,"column":18},"end":{"line":52,"column":41}},{"start":{"line":52,"column":44},"end":{"line":52,"column":55}}]}},"s":{"0":1,"1":1,"2":1,"3":1,"4":1,"5":1,"6":7,"7":7,"8":7,"9":7,"10":7,"11":7,"12":7,"13":7,"14":28,"15":7,"16":28,"17":7,"18":1,"19":1},"f":{"0":7,"1":28,"2":28},"b":{"0":[28,21],"1":[0,7]}}
,"/Users/stanislavstadnyk/Projects uncommercial/react-countdown-simple/src/types.ts": {"path":"/Users/stanislavstadnyk/Projects uncommercial/react-countdown-simple/src/types.ts","statementMap":{"0":{"start":{"line":8,"column":0},"end":{"line":8,"column":null}},"1":{"start":{"line":9,"column":2},"end":{"line":9,"column":null}},"2":{"start":{"line":10,"column":2},"end":{"line":10,"column":null}},"3":{"start":{"line":11,"column":2},"end":{"line":11,"column":null}},"4":{"start":{"line":12,"column":2},"end":{"line":12,"column":null}}},"fnMap":{"0":{"name":"(anonymous_0)","decl":{"start":{"line":8,"column":0},"end":{"line":8,"column":12}},"loc":{"start":{"line":8,"column":21},"end":{"line":13,"column":1}}}},"branchMap":{"0":{"loc":{"start":{"line":8,"column":12},"end":{"line":8,"column":null}},"type":"binary-expr","locations":[{"start":{"line":8,"column":12},"end":{"line":8,"column":21}},{"start":{"line":8,"column":12},"end":{"line":8,"column":null}}]}},"s":{"0":1,"1":1,"2":1,"3":1,"4":1},"f":{"0":1},"b":{"0":[1,1]}}
,"/Users/stanislavstadnyk/Projects uncommercial/react-countdown-simple/src/date-time/index.tsx": {"path":"/Users/stanislavstadnyk/Projects uncommercial/react-countdown-simple/src/date-time/index.tsx","statementMap":{"0":{"start":{"line":1,"column":0},"end":{"line":1,"column":34}},"1":{"start":{"line":2,"column":0},"end":{"line":2,"column":35}},"2":{"start":{"line":10,"column":32},"end":{"line":23,"column":1}},"3":{"start":{"line":10,"column":40},"end":{"line":10,"column":42}},"4":{"start":{"line":10,"column":46},"end":{"line":10,"column":48}},"5":{"start":{"line":10,"column":60},"end":{"line":10,"column":62}},"6":{"start":{"line":11,"column":27},"end":{"line":11,"column":60}},"7":{"start":{"line":12,"column":22},"end":{"line":12,"column":55}},"8":{"start":{"line":14,"column":2},"end":{"line":22,"column":4}},"9":{"start":{"line":25,"column":0},"end":{"line":29,"column":2}},"10":{"start":{"line":31,"column":0},"end":{"line":31,"column":24}}},"fnMap":{"0":{"name":"(anonymous_1)","decl":{"start":{"line":10,"column":32},"end":{"line":10,"column":33}},"loc":{"start":{"line":10,"column":62},"end":{"line":23,"column":1}}}},"branchMap":{"0":{"loc":{"start":{"line":20,"column":7},"end":{"line":20,"column":28}},"type":"binary-expr","locations":[{"start":{"line":20,"column":7},"end":{"line":20,"column":20}},{"start":{"line":20,"column":24},"end":{"line":20,"column":28}}]}},"s":{"0":1,"1":1,"2":1,"3":20,"4":20,"5":20,"6":20,"7":20,"8":20,"9":1,"10":1},"f":{"0":20},"b":{"0":[20,20]}}
}
