TN:
SF:src/helper.ts
FN:4,(anonymous_0)
FN:7,(anonymous_1)
FN:16,(anonymous_2)
FN:19,(anonymous_3)
FN:23,(anonymous_4)
FN:26,(anonymous_5)
FN:29,(anonymous_6)
FN:33,(anonymous_7)
FNF:8
FNH:7
FNDA:12,(anonymous_0)
FNDA:7,(anonymous_1)
FNDA:7,(anonymous_2)
FNDA:7,(anonymous_3)
FNDA:5,(anonymous_4)
FNDA:4,(anonymous_5)
FNDA:0,(anonymous_6)
FNDA:1,(anonymous_7)
DA:1,1
DA:2,1
DA:4,1
DA:5,12
DA:7,1
DA:8,7
DA:9,7
DA:10,7
DA:11,7
DA:13,7
DA:16,1
DA:17,7
DA:19,1
DA:20,7
DA:21,7
DA:23,7
DA:24,5
DA:25,4
DA:26,4
DA:29,1
DA:30,0
DA:33,1
DA:36,7
LF:23
LH:22
BRDA:17,0,0,0
BRDA:17,0,1,7
BRDA:24,1,0,4
BRF:3
BRH:2
end_of_record
TN:
SF:src/index.tsx
FN:22,(anonymous_7)
FN:38,(anonymous_8)
FN:43,(anonymous_9)
FNF:3
FNH:3
FNDA:7,(anonymous_7)
FNDA:28,(anonymous_8)
FNDA:28,(anonymous_9)
DA:1,1
DA:2,1
DA:4,1
DA:5,1
DA:8,1
DA:22,1
DA:23,7
DA:24,7
DA:25,7
DA:26,7
DA:28,7
DA:29,7
DA:31,7
DA:38,7
DA:39,28
DA:43,28
DA:50,7
DA:57,1
DA:70,1
LF:19
LH:19
BRDA:39,0,0,28
BRDA:39,0,1,21
BRDA:52,1,0,0
BRDA:52,1,1,7
BRF:4
BRH:3
end_of_record
TN:
SF:src/types.ts
FN:8,(anonymous_0)
FNF:1
FNH:1
FNDA:1,(anonymous_0)
DA:8,1
DA:9,1
DA:10,1
DA:11,1
DA:12,1
LF:5
LH:5
BRDA:8,0,0,1
BRDA:8,0,1,1
BRF:2
BRH:2
end_of_record
TN:
SF:src/date-time/index.tsx
FN:10,(anonymous_1)
FNF:1
FNH:1
FNDA:20,(anonymous_1)
DA:1,1
DA:2,1
DA:10,20
DA:11,20
DA:12,20
DA:14,20
DA:25,1
DA:31,1
LF:8
LH:8
BRDA:20,0,0,20
BRDA:20,0,1,20
BRF:2
BRH:2
end_of_record
